#
# A fatal error has been detected by the Java Runtime Environment:
#
#  Internal Error (g1CollectionSet.cpp:420), pid=21576, tid=22992
#  guarantee(target_pause_time_ms > 0.0) failed: target_pause_time_ms = -120925201447292219621624061083522194333370840640970904317196675679618900758579281466388434124524107943372803515412196813007434450043124671704059117036200653780731898269076844140686531339710739989552245770343436280977079899421718564491278236461825137587192332288.000000 should be positive
#
# JRE version: Java(TM) SE Runtime Environment (17.0.1+12) (build 17.0.1+12-LTS-39)
# Java VM: Java HotSpot(TM) 64-Bit Server VM (17.0.1+12-LTS-39, mixed mode, sharing, tiered, compressed oops, compressed class ptrs, g1 gc, windows-amd64)
# No core dump will be written. Minidumps are not enabled by default on client versions of Windows
#
# If you would like to submit a bug report, please visit:
#   https://bugreport.java.com/bugreport/crash.jsp
#

---------------  S U M M A R Y ------------

Command Line: -Xmx64m -Xms64m -Dorg.gradle.appname=gradlew org.gradle.wrapper.GradleWrapperMain app:installDebug -PreactNativeDevServerPort=8090

Host: Intel(R) Core(TM) i5-1035G1 CPU @ 1.00GHz, 8 cores, 7G,  Windows 10 , 64 bit Build 22621 (10.0.22621.1344)
Time: Wed Mar 29 11:12:11 2023 India Standard Time elapsed time: 321.728554 seconds (0d 0h 5m 21s)

---------------  T H R E A D  ---------------

Current thread (0x0000029952599260):  VMThread "VM Thread" [stack: 0x000000b310700000,0x000000b310800000] [id=22992]

Stack: [0x000000b310700000,0x000000b310800000]
Native frames: (J=compiled Java code, j=interpreted, Vv=VM code, C=native code)
V  [jvm.dll+0x66fa1a]
V  [jvm.dll+0x7ce5a4]
V  [jvm.dll+0x7cfd4e]
V  [jvm.dll+0x7d0367]
V  [jvm.dll+0x242a6c]
V  [jvm.dll+0x2dd7db]
V  [jvm.dll+0x2d5a25]
V  [jvm.dll+0x2d53ac]
V  [jvm.dll+0x318d0b]
V  [jvm.dll+0x7d484b]
V  [jvm.dll+0x7d5584]
V  [jvm.dll+0x7d5a9c]
V  [jvm.dll+0x7d5e74]
V  [jvm.dll+0x7d5f40]
V  [jvm.dll+0x77e91a]
V  [jvm.dll+0x66e845]
C  [ucrtbase.dll+0x29363]
C  [KERNEL32.DLL+0x126bd]
C  [ntdll.dll+0x5a9f8]

VM_Operation (0x000000b3118fd5f0): G1CollectForAllocation, mode: safepoint, requested by thread 0x0000029953c8cde0


---------------  P R O C E S S  ---------------

Threads class SMR info:
_java_thread_list=0x0000029953e9e1e0, length=15, elements={
0x0000029938eefe00, 0x00000299525a00e0, 0x00000299525a0c90, 0x00000299525b2200,
0x00000299525b4bc0, 0x00000299525b5570, 0x00000299525b5f20, 0x00000299525b6cb0,
0x00000299525b8360, 0x00000299525bad60, 0x00000299530b8fa0, 0x00000299530bda30,
0x0000029953c8cde0, 0x0000029953bda150, 0x0000029953bda620
}

Java Threads: ( => current thread )
  0x0000029938eefe00 JavaThread "main" [_thread_in_native, id=21948, stack(0x000000b310100000,0x000000b310200000)]
  0x00000299525a00e0 JavaThread "Reference Handler" daemon [_thread_blocked, id=24044, stack(0x000000b310800000,0x000000b310900000)]
  0x00000299525a0c90 JavaThread "Finalizer" daemon [_thread_blocked, id=24144, stack(0x000000b310900000,0x000000b310a00000)]
  0x00000299525b2200 JavaThread "Signal Dispatcher" daemon [_thread_blocked, id=20964, stack(0x000000b310a00000,0x000000b310b00000)]
  0x00000299525b4bc0 JavaThread "Attach Listener" daemon [_thread_blocked, id=21060, stack(0x000000b310b00000,0x000000b310c00000)]
  0x00000299525b5570 JavaThread "Service Thread" daemon [_thread_blocked, id=12908, stack(0x000000b310c00000,0x000000b310d00000)]
  0x00000299525b5f20 JavaThread "Monitor Deflation Thread" daemon [_thread_blocked, id=24104, stack(0x000000b310d00000,0x000000b310e00000)]
  0x00000299525b6cb0 JavaThread "C2 CompilerThread0" daemon [_thread_blocked, id=4172, stack(0x000000b310e00000,0x000000b310f00000)]
  0x00000299525b8360 JavaThread "C1 CompilerThread0" daemon [_thread_blocked, id=9640, stack(0x000000b310f00000,0x000000b311000000)]
  0x00000299525bad60 JavaThread "Sweeper thread" daemon [_thread_blocked, id=23164, stack(0x000000b311000000,0x000000b311100000)]
  0x00000299530b8fa0 JavaThread "Notification Thread" daemon [_thread_blocked, id=22576, stack(0x000000b311100000,0x000000b311200000)]
  0x00000299530bda30 JavaThread "Common-Cleaner" daemon [_thread_blocked, id=9228, stack(0x000000b311300000,0x000000b311400000)]
  0x0000029953c8cde0 JavaThread "pool-1-thread-1" [_thread_blocked, id=2588, stack(0x000000b311800000,0x000000b311900000)]
  0x0000029953bda150 JavaThread "DisconnectableInputStream source reader" daemon [_thread_in_native, id=12164, stack(0x000000b311a00000,0x000000b311b00000)]
  0x0000029953bda620 JavaThread "Forward input" [_thread_blocked, id=2768, stack(0x000000b311b00000,0x000000b311c00000)]

Other Threads:
=>0x0000029952599260 VMThread "VM Thread" [stack: 0x000000b310700000,0x000000b310800000] [id=22992]
  0x0000029938f253b0 WatcherThread [stack: 0x000000b311200000,0x000000b311300000] [id=24400]
  0x0000029938f0db50 GCTaskThread "GC Thread#0" [stack: 0x000000b310200000,0x000000b310300000] [id=21328]
  0x00000299537b4480 GCTaskThread "GC Thread#1" [stack: 0x000000b311400000,0x000000b311500000] [id=15432]
  0x0000029953cbbd30 GCTaskThread "GC Thread#2" [stack: 0x000000b311500000,0x000000b311600000] [id=22804]
  0x0000029953902030 GCTaskThread "GC Thread#3" [stack: 0x000000b311600000,0x000000b311700000] [id=20120]
  0x00000299539022e0 GCTaskThread "GC Thread#4" [stack: 0x000000b311700000,0x000000b311800000] [id=15876]
  0x0000029953d5bcc0 GCTaskThread "GC Thread#5" [stack: 0x000000b30ff00000,0x000000b310000000] [id=13456]
  0x0000029938f112a0 ConcurrentGCThread "G1 Main Marker" [stack: 0x000000b310300000,0x000000b310400000] [id=22308]
  0x0000029938f13ad0 ConcurrentGCThread "G1 Conc#0" [stack: 0x000000b310400000,0x000000b310500000] [id=21228]
  0x0000029938f577b0 ConcurrentGCThread "G1 Refine#0" [stack: 0x000000b310500000,0x000000b310600000] [id=24408]
  0x0000029938f581d0 ConcurrentGCThread "G1 Service" [stack: 0x000000b310600000,0x000000b310700000] [id=12004]

Threads with active compile tasks:

VM state: at safepoint (normal execution)

VM Mutex/Monitor currently owned by a thread:  ([mutex/lock_event])
[0x0000029938eeafc0] Threads_lock - owner thread: 0x0000029952599260
[0x0000029938eec400] Heap_lock - owner thread: 0x0000029953c8cde0

Heap address: 0x00000000fc000000, size: 64 MB, Compressed Oops mode: 32-bit

CDS archive(s) mapped at: [0x0000000800000000-0x0000000800bc0000-0x0000000800bc0000), size 12320768, SharedBaseAddress: 0x0000000800000000, ArchiveRelocationMode: 0.
Compressed class space mapped at: 0x0000000800c00000-0x0000000840c00000, reserved size: 1073741824
Narrow klass base: 0x0000000800000000, Narrow klass shift: 0, Narrow klass range: 0x100000000

GC Precious Log:
 CPUs: 8 total, 8 available
 Memory: 7973M
 Large Page Support: Disabled
 NUMA Support: Disabled
 Compressed Oops: Enabled (32-bit)
 Heap Region Size: 1M
 Heap Min Capacity: 64M
 Heap Initial Capacity: 64M
 Heap Max Capacity: 64M
 Pre-touch: Disabled
 Parallel Workers: 8
 Concurrent Workers: 2
 Concurrent Refinement Workers: 8
 Periodic GC: Disabled

Heap:
 garbage-first heap   total 65536K, used 31840K [0x00000000fc000000, 0x0000000100000000)
  region size 1024K, 25 young (25600K), 3 survivors (3072K)
 Metaspace       used 8974K, committed 9152K, reserved 1056768K
  class space    used 1184K, committed 1280K, reserved 1048576K

Heap Regions: E=young(eden), S=young(survivor), O=old, HS=humongous(starts), HC=humongous(continues), CS=collection set, F=free, OA=open archive, CA=closed archive, TAMS=top-at-mark-start (previous, next)
|   0|0x00000000fc000000, 0x00000000fc000000, 0x00000000fc100000|  0%| F|  |TAMS 0x00000000fc000000, 0x00000000fc000000| Untracked 
|   1|0x00000000fc100000, 0x00000000fc100000, 0x00000000fc200000|  0%| F|  |TAMS 0x00000000fc100000, 0x00000000fc100000| Untracked 
|   2|0x00000000fc200000, 0x00000000fc200000, 0x00000000fc300000|  0%| F|  |TAMS 0x00000000fc200000, 0x00000000fc200000| Untracked 
|   3|0x00000000fc300000, 0x00000000fc400000, 0x00000000fc400000|100%|HS|  |TAMS 0x00000000fc300000, 0x00000000fc300000| Complete 
|   4|0x00000000fc400000, 0x00000000fc500000, 0x00000000fc500000|100%|HC|  |TAMS 0x00000000fc400000, 0x00000000fc400000| Complete 
|   5|0x00000000fc500000, 0x00000000fc600000, 0x00000000fc600000|100%|HC|  |TAMS 0x00000000fc500000, 0x00000000fc500000| Complete 
|   6|0x00000000fc600000, 0x00000000fc700000, 0x00000000fc700000|100%| O|  |TAMS 0x00000000fc600000, 0x00000000fc600000| Untracked 
|   7|0x00000000fc700000, 0x00000000fc800000, 0x00000000fc800000|100%| O|  |TAMS 0x00000000fc700000, 0x00000000fc700000| Untracked 
|   8|0x00000000fc800000, 0x00000000fc900000, 0x00000000fc900000|100%| O|  |TAMS 0x00000000fc800000, 0x00000000fc800000| Untracked 
|   9|0x00000000fc900000, 0x00000000fc918000, 0x00000000fca00000|  9%| O|  |TAMS 0x00000000fc900000, 0x00000000fc900000| Untracked 
|  10|0x00000000fca00000, 0x00000000fca00000, 0x00000000fcb00000|  0%| F|  |TAMS 0x00000000fca00000, 0x00000000fca00000| Untracked 
|  11|0x00000000fcb00000, 0x00000000fcb00000, 0x00000000fcc00000|  0%| F|  |TAMS 0x00000000fcb00000, 0x00000000fcb00000| Untracked 
|  12|0x00000000fcc00000, 0x00000000fcc00000, 0x00000000fcd00000|  0%| F|  |TAMS 0x00000000fcc00000, 0x00000000fcc00000| Untracked 
|  13|0x00000000fcd00000, 0x00000000fcd00000, 0x00000000fce00000|  0%| F|  |TAMS 0x00000000fcd00000, 0x00000000fcd00000| Untracked 
|  14|0x00000000fce00000, 0x00000000fce00000, 0x00000000fcf00000|  0%| F|  |TAMS 0x00000000fce00000, 0x00000000fce00000| Untracked 
|  15|0x00000000fcf00000, 0x00000000fcf00000, 0x00000000fd000000|  0%| F|  |TAMS 0x00000000fcf00000, 0x00000000fcf00000| Untracked 
|  16|0x00000000fd000000, 0x00000000fd000000, 0x00000000fd100000|  0%| F|  |TAMS 0x00000000fd000000, 0x00000000fd000000| Untracked 
|  17|0x00000000fd100000, 0x00000000fd100000, 0x00000000fd200000|  0%| F|  |TAMS 0x00000000fd100000, 0x00000000fd100000| Untracked 
|  18|0x00000000fd200000, 0x00000000fd200000, 0x00000000fd300000|  0%| F|  |TAMS 0x00000000fd200000, 0x00000000fd200000| Untracked 
|  19|0x00000000fd300000, 0x00000000fd300000, 0x00000000fd400000|  0%| F|  |TAMS 0x00000000fd300000, 0x00000000fd300000| Untracked 
|  20|0x00000000fd400000, 0x00000000fd400000, 0x00000000fd500000|  0%| F|  |TAMS 0x00000000fd400000, 0x00000000fd400000| Untracked 
|  21|0x00000000fd500000, 0x00000000fd500000, 0x00000000fd600000|  0%| F|  |TAMS 0x00000000fd500000, 0x00000000fd500000| Untracked 
|  22|0x00000000fd600000, 0x00000000fd600000, 0x00000000fd700000|  0%| F|  |TAMS 0x00000000fd600000, 0x00000000fd600000| Untracked 
|  23|0x00000000fd700000, 0x00000000fd700000, 0x00000000fd800000|  0%| F|  |TAMS 0x00000000fd700000, 0x00000000fd700000| Untracked 
|  24|0x00000000fd800000, 0x00000000fd800000, 0x00000000fd900000|  0%| F|  |TAMS 0x00000000fd800000, 0x00000000fd800000| Untracked 
|  25|0x00000000fd900000, 0x00000000fd900000, 0x00000000fda00000|  0%| F|  |TAMS 0x00000000fd900000, 0x00000000fd900000| Untracked 
|  26|0x00000000fda00000, 0x00000000fda00000, 0x00000000fdb00000|  0%| F|  |TAMS 0x00000000fda00000, 0x00000000fda00000| Untracked 
|  27|0x00000000fdb00000, 0x00000000fdb00000, 0x00000000fdc00000|  0%| F|  |TAMS 0x00000000fdb00000, 0x00000000fdb00000| Untracked 
|  28|0x00000000fdc00000, 0x00000000fdc00000, 0x00000000fdd00000|  0%| F|  |TAMS 0x00000000fdc00000, 0x00000000fdc00000| Untracked 
|  29|0x00000000fdd00000, 0x00000000fdd00000, 0x00000000fde00000|  0%| F|  |TAMS 0x00000000fdd00000, 0x00000000fdd00000| Untracked 
|  30|0x00000000fde00000, 0x00000000fde00000, 0x00000000fdf00000|  0%| F|  |TAMS 0x00000000fde00000, 0x00000000fde00000| Untracked 
|  31|0x00000000fdf00000, 0x00000000fdf00000, 0x00000000fe000000|  0%| F|  |TAMS 0x00000000fdf00000, 0x00000000fdf00000| Untracked 
|  32|0x00000000fe000000, 0x00000000fe000000, 0x00000000fe100000|  0%| F|  |TAMS 0x00000000fe000000, 0x00000000fe000000| Untracked 
|  33|0x00000000fe100000, 0x00000000fe100000, 0x00000000fe200000|  0%| F|  |TAMS 0x00000000fe100000, 0x00000000fe100000| Untracked 
|  34|0x00000000fe200000, 0x00000000fe200000, 0x00000000fe300000|  0%| F|  |TAMS 0x00000000fe200000, 0x00000000fe200000| Untracked 
|  35|0x00000000fe300000, 0x00000000fe300000, 0x00000000fe400000|  0%| F|  |TAMS 0x00000000fe300000, 0x00000000fe300000| Untracked 
|  36|0x00000000fe400000, 0x00000000fe400000, 0x00000000fe500000|  0%| F|  |TAMS 0x00000000fe400000, 0x00000000fe400000| Untracked 
|  37|0x00000000fe500000, 0x00000000fe500000, 0x00000000fe600000|  0%| F|  |TAMS 0x00000000fe500000, 0x00000000fe500000| Untracked 
|  38|0x00000000fe600000, 0x00000000fe700000, 0x00000000fe700000|100%| S|CS|TAMS 0x00000000fe600000, 0x00000000fe600000| Complete 
|  39|0x00000000fe700000, 0x00000000fe800000, 0x00000000fe800000|100%| S|CS|TAMS 0x00000000fe700000, 0x00000000fe700000| Complete 
|  40|0x00000000fe800000, 0x00000000fe900000, 0x00000000fe900000|100%| S|CS|TAMS 0x00000000fe800000, 0x00000000fe800000| Complete 
|  41|0x00000000fe900000, 0x00000000fe900000, 0x00000000fea00000|  0%| F|  |TAMS 0x00000000fe900000, 0x00000000fe900000| Untracked 
|  42|0x00000000fea00000, 0x00000000feb00000, 0x00000000feb00000|100%| E|CS|TAMS 0x00000000fea00000, 0x00000000fea00000| Complete 
|  43|0x00000000feb00000, 0x00000000fec00000, 0x00000000fec00000|100%| E|CS|TAMS 0x00000000feb00000, 0x00000000feb00000| Complete 
|  44|0x00000000fec00000, 0x00000000fed00000, 0x00000000fed00000|100%| E|CS|TAMS 0x00000000fec00000, 0x00000000fec00000| Complete 
|  45|0x00000000fed00000, 0x00000000fee00000, 0x00000000fee00000|100%| E|CS|TAMS 0x00000000fed00000, 0x00000000fed00000| Complete 
|  46|0x00000000fee00000, 0x00000000fef00000, 0x00000000fef00000|100%| E|CS|TAMS 0x00000000fee00000, 0x00000000fee00000| Complete 
|  47|0x00000000fef00000, 0x00000000ff000000, 0x00000000ff000000|100%| E|CS|TAMS 0x00000000fef00000, 0x00000000fef00000| Complete 
|  48|0x00000000ff000000, 0x00000000ff100000, 0x00000000ff100000|100%| E|CS|TAMS 0x00000000ff000000, 0x00000000ff000000| Complete 
|  49|0x00000000ff100000, 0x00000000ff200000, 0x00000000ff200000|100%| E|CS|TAMS 0x00000000ff100000, 0x00000000ff100000| Complete 
|  50|0x00000000ff200000, 0x00000000ff300000, 0x00000000ff300000|100%| E|CS|TAMS 0x00000000ff200000, 0x00000000ff200000| Complete 
|  51|0x00000000ff300000, 0x00000000ff400000, 0x00000000ff400000|100%| E|CS|TAMS 0x00000000ff300000, 0x00000000ff300000| Complete 
|  52|0x00000000ff400000, 0x00000000ff500000, 0x00000000ff500000|100%| E|CS|TAMS 0x00000000ff400000, 0x00000000ff400000| Complete 
|  53|0x00000000ff500000, 0x00000000ff600000, 0x00000000ff600000|100%| E|CS|TAMS 0x00000000ff500000, 0x00000000ff500000| Complete 
|  54|0x00000000ff600000, 0x00000000ff700000, 0x00000000ff700000|100%| E|CS|TAMS 0x00000000ff600000, 0x00000000ff600000| Complete 
|  55|0x00000000ff700000, 0x00000000ff800000, 0x00000000ff800000|100%| E|CS|TAMS 0x00000000ff700000, 0x00000000ff700000| Complete 
|  56|0x00000000ff800000, 0x00000000ff900000, 0x00000000ff900000|100%| E|CS|TAMS 0x00000000ff800000, 0x00000000ff800000| Complete 
|  57|0x00000000ff900000, 0x00000000ffa00000, 0x00000000ffa00000|100%| E|CS|TAMS 0x00000000ff900000, 0x00000000ff900000| Complete 
|  58|0x00000000ffa00000, 0x00000000ffb00000, 0x00000000ffb00000|100%| E|CS|TAMS 0x00000000ffa00000, 0x00000000ffa00000| Complete 
|  59|0x00000000ffb00000, 0x00000000ffc00000, 0x00000000ffc00000|100%| E|CS|TAMS 0x00000000ffb00000, 0x00000000ffb00000| Complete 
|  60|0x00000000ffc00000, 0x00000000ffd00000, 0x00000000ffd00000|100%| E|CS|TAMS 0x00000000ffc00000, 0x00000000ffc00000| Complete 
|  61|0x00000000ffd00000, 0x00000000ffe00000, 0x00000000ffe00000|100%| E|CS|TAMS 0x00000000ffd00000, 0x00000000ffd00000| Complete 
|  62|0x00000000ffe00000, 0x00000000fff00000, 0x00000000fff00000|100%| E|CS|TAMS 0x00000000ffe00000, 0x00000000ffe00000| Complete 
|  63|0x00000000fff00000, 0x0000000100000000, 0x0000000100000000|100%| E|CS|TAMS 0x00000000fff00000, 0x00000000fff00000| Complete 

Card table byte_map: [0x0000029938d90000,0x0000029938db0000] _byte_map_base: 0x00000299385b0000

Marking Bits (Prev, Next): (CMBitMap*) 0x0000029938f0e160, (CMBitMap*) 0x0000029938f0e1a0
 Prev Bits: [0x000002994f9c0000, 0x000002994fac0000)
 Next Bits: [0x000002994fac0000, 0x000002994fbc0000)

Polling page: 0x0000029937f30000

Metaspace:

Usage:
  Non-class:      7.61 MB used.
      Class:      1.16 MB used.
       Both:      8.76 MB used.

Virtual space:
  Non-class space:        8.00 MB reserved,       7.69 MB ( 96%) committed,  1 nodes.
      Class space:        1.00 GB reserved,       1.25 MB ( <1%) committed,  1 nodes.
             Both:        1.01 GB reserved,       8.94 MB ( <1%) committed. 

Chunk freelists:
   Non-Class:  80.00 KB
       Class:  2.64 MB
        Both:  2.72 MB

MaxMetaspaceSize: unlimited
CompressedClassSpaceSize: 1.00 GB
Initial GC threshold: 21.00 MB
Current GC threshold: 21.00 MB
CDS: on
MetaspaceReclaimPolicy: balanced
 - commit_granule_bytes: 65536.
 - commit_granule_words: 8192.
 - virtual_space_node_default_size: 1048576.
 - enlarge_chunks_in_place: 1.
 - new_chunks_are_fully_committed: 0.
 - uncommit_free_chunks: 1.
 - use_allocation_guard: 0.
 - handle_deallocations: 1.


Internal statistics:

num_allocs_failed_limit: 0.
num_arena_births: 80.
num_arena_deaths: 0.
num_vsnodes_births: 2.
num_vsnodes_deaths: 0.
num_space_committed: 143.
num_space_uncommitted: 0.
num_chunks_returned_to_freelist: 0.
num_chunks_taken_from_freelist: 312.
num_chunk_merges: 0.
num_chunk_splits: 210.
num_chunks_enlarged: 175.
num_purges: 0.
num_inconsistent_stats: 0.

CodeHeap 'non-profiled nmethods': size=120000Kb used=694Kb max_used=694Kb free=119305Kb
 bounds [0x0000029948160000, 0x00000299483d0000, 0x000002994f690000]
CodeHeap 'profiled nmethods': size=120000Kb used=3298Kb max_used=3298Kb free=116701Kb
 bounds [0x0000029940c30000, 0x0000029940f70000, 0x0000029948160000]
CodeHeap 'non-nmethods': size=5760Kb used=1178Kb max_used=1206Kb free=4581Kb
 bounds [0x0000029940690000, 0x0000029940900000, 0x0000029940c30000]
 total_blobs=2229 nmethods=1765 adapters=377
 compilation: enabled
              stopped_count=0, restarted_count=0
 full_count=0

Compilation events (20 events):
Event: 289.026 Thread 0x00000299525b6cb0 1759       4       java.util.concurrent.locks.ReentrantLock$Sync::isHeldExclusively (16 bytes)
Event: 289.030 Thread 0x00000299525b6cb0 nmethod 1759 0x0000029948200490 code [0x0000029948200600, 0x00000299482006b8]
Event: 296.489 Thread 0x00000299525b6cb0 1760       4       org.gradle.internal.logging.sink.GroupingProgressLogEventGenerator$OperationGroup::maybeFlushOutput (34 bytes)
Event: 296.611 Thread 0x00000299525b6cb0 nmethod 1760 0x0000029948200790 code [0x0000029948200a00, 0x0000029948201280]
Event: 296.862 Thread 0x00000299525b6cb0 1761       4       org.gradle.internal.logging.console.MultiLineBuildProgressArea::redraw (203 bytes)
Event: 296.945 Thread 0x00000299525b6cb0 nmethod 1761 0x0000029948201b90 code [0x0000029948201e80, 0x0000029948202e28]
Event: 305.282 Thread 0x00000299525b6cb0 1762       4       java.lang.AbstractStringBuilder::append (60 bytes)
Event: 305.332 Thread 0x00000299525b6cb0 nmethod 1762 0x0000029948203e90 code [0x0000029948204040, 0x0000029948204988]
Event: 312.167 Thread 0x00000299525b6cb0 1764       4       java.util.concurrent.locks.LockSupport::setBlocker (12 bytes)
Event: 312.194 Thread 0x00000299525b6cb0 nmethod 1764 0x0000029948204e10 code [0x0000029948204f80, 0x0000029948205098]
Event: 317.164 Thread 0x00000299525b8360 1765       3       java.lang.String::encode (48 bytes)
Event: 317.176 Thread 0x00000299525b8360 nmethod 1765 0x0000029940f67c90 code [0x0000029940f67e80, 0x0000029940f681d8]
Event: 317.364 Thread 0x00000299525b8360 1766       3       org.gradle.launcher.daemon.protocol.Message::<init> (5 bytes)
Event: 317.368 Thread 0x00000299525b8360 nmethod 1766 0x0000029940f68310 code [0x0000029940f684a0, 0x0000029940f685f8]
Event: 317.455 Thread 0x00000299525b8360 1767       3       java.lang.String::getBytes (15 bytes)
Event: 317.459 Thread 0x00000299525b8360 nmethod 1767 0x0000029940f68690 code [0x0000029940f68840, 0x0000029940f68a38]
Event: 319.029 Thread 0x00000299525b6cb0 1768       4       org.gradle.internal.logging.console.WorkInProgressRenderer::renderNow (351 bytes)
Event: 319.686 Thread 0x00000299525b6cb0 nmethod 1768 0x0000029948205110 code [0x0000029948205520, 0x0000029948208f10]
Event: 320.285 Thread 0x00000299525b6cb0 1769       4       org.gradle.internal.logging.sink.GroupingProgressLogEventGenerator::onUpdateNow (54 bytes)
Event: 320.360 Thread 0x00000299525b6cb0 nmethod 1769 0x000002994820b990 code [0x000002994820bc20, 0x000002994820c740]

GC Heap History (3 events):
Event: 1.841 GC heap before
{Heap before GC invocations=0 (full 0):
 garbage-first heap   total 65536K, used 28672K [0x00000000fc000000, 0x0000000100000000)
  region size 1024K, 23 young (23552K), 0 survivors (0K)
 Metaspace       used 3800K, committed 4032K, reserved 1056768K
  class space    used 486K, committed 576K, reserved 1048576K
}
Event: 1.852 GC heap after
{Heap after GC invocations=1 (full 0):
 garbage-first heap   total 65536K, used 9312K [0x00000000fc000000, 0x0000000100000000)
  region size 1024K, 3 young (3072K), 3 survivors (3072K)
 Metaspace       used 3800K, committed 4032K, reserved 1056768K
  class space    used 486K, committed 576K, reserved 1048576K
}
Event: 321.012 GC heap before
{Heap before GC invocations=1 (full 0):
 garbage-first heap   total 65536K, used 31840K [0x00000000fc000000, 0x0000000100000000)
  region size 1024K, 25 young (25600K), 3 survivors (3072K)
 Metaspace       used 8974K, committed 9152K, reserved 1056768K
  class space    used 1184K, committed 1280K, reserved 1048576K
}

Deoptimization events (20 events):
Event: 2.408 Thread 0x0000029938eefe00 Uncommon trap: trap_request=0xffffffc6 fr.pc=0x00000299481bcfbc relative=0x000000000000055c
Event: 2.408 Thread 0x0000029938eefe00 Uncommon trap: reason=bimorphic_or_optimized_type_check action=maybe_recompile pc=0x00000299481bcfbc method=java.util.concurrent.ConcurrentHashMap.get(Ljava/lang/Object;)Ljava/lang/Object; @ 149 c2
Event: 2.408 Thread 0x0000029938eefe00 DEOPT PACKING pc=0x00000299481bcfbc sp=0x000000b3101fb7a0
Event: 2.408 Thread 0x0000029938eefe00 DEOPT UNPACKING pc=0x00000299406e5c23 sp=0x000000b3101fb740 mode 2
Event: 2.654 Thread 0x0000029938eefe00 Uncommon trap: trap_request=0xffffff45 fr.pc=0x00000299481ab3fc relative=0x0000000000001c3c
Event: 2.654 Thread 0x0000029938eefe00 Uncommon trap: reason=unstable_if action=reinterpret pc=0x00000299481ab3fc method=java.io.WinNTFileSystem.normalize(Ljava/lang/String;)Ljava/lang/String; @ 128 c2
Event: 2.654 Thread 0x0000029938eefe00 DEOPT PACKING pc=0x00000299481ab3fc sp=0x000000b3101fb7b0
Event: 2.654 Thread 0x0000029938eefe00 DEOPT UNPACKING pc=0x00000299406e5c23 sp=0x000000b3101fb798 mode 2
Event: 3.681 Thread 0x0000029938eefe00 Uncommon trap: trap_request=0xffffff45 fr.pc=0x00000299481973cc relative=0x000000000000068c
Event: 3.681 Thread 0x0000029938eefe00 Uncommon trap: reason=unstable_if action=reinterpret pc=0x00000299481973cc method=java.lang.AbstractStringBuilder.append(Ljava/lang/String;)Ljava/lang/AbstractStringBuilder; @ 1 c2
Event: 3.681 Thread 0x0000029938eefe00 DEOPT PACKING pc=0x00000299481973cc sp=0x000000b3101fc520
Event: 3.681 Thread 0x0000029938eefe00 DEOPT UNPACKING pc=0x00000299406e5c23 sp=0x000000b3101fc4a0 mode 2
Event: 3.682 Thread 0x0000029938eefe00 Uncommon trap: trap_request=0xffffff45 fr.pc=0x00000299481a0a64 relative=0x00000000000006a4
Event: 3.682 Thread 0x0000029938eefe00 Uncommon trap: reason=unstable_if action=reinterpret pc=0x00000299481a0a64 method=java.lang.AbstractStringBuilder.append(Ljava/lang/String;)Ljava/lang/AbstractStringBuilder; @ 1 c2
Event: 3.682 Thread 0x0000029938eefe00 DEOPT PACKING pc=0x00000299481a0a64 sp=0x000000b3101fc4c0
Event: 3.682 Thread 0x0000029938eefe00 DEOPT UNPACKING pc=0x00000299406e5c23 sp=0x000000b3101fc4a8 mode 2
Event: 317.458 Thread 0x0000029953bda620 Uncommon trap: trap_request=0xffffff45 fr.pc=0x00000299481fbfb8 relative=0x0000000000000138
Event: 317.482 Thread 0x0000029953bda620 Uncommon trap: reason=unstable_if action=reinterpret pc=0x00000299481fbfb8 method=java.util.concurrent.locks.ReentrantLock$NonfairSync.initialTryLock()Z @ 10 c2
Event: 317.488 Thread 0x0000029953bda620 DEOPT PACKING pc=0x00000299481fbfb8 sp=0x000000b311bfee40
Event: 317.492 Thread 0x0000029953bda620 DEOPT UNPACKING pc=0x00000299406e5c23 sp=0x000000b311bfede8 mode 2

Classes unloaded (0 events):
No events

Classes redefined (0 events):
No events

Internal exceptions (19 events):
Event: 0.620 Thread 0x0000029938eefe00 Exception <a 'java/lang/NoSuchMethodError'{0x00000000ffc5f098}: 'int java.lang.invoke.DirectMethodHandle$Holder.invokeStaticInit(java.lang.Object, java.lang.Object)'> (0x00000000ffc5f098) 
thrown [t:\workspace\open\src\hotspot\share\interpreter\linkResolver.cpp, line 766]
Event: 1.659 Thread 0x0000029938eefe00 Exception <a 'java/lang/NoSuchMethodError'{0x00000000febf7238}: 'void java.lang.invoke.DirectMethodHandle$Holder.invokeStatic(java.lang.Object, java.lang.Object)'> (0x00000000febf7238) 
thrown [t:\workspace\open\src\hotspot\share\interpreter\linkResolver.cpp, line 766]
Event: 1.707 Thread 0x0000029938eefe00 Exception <a 'java/lang/NoClassDefFoundError'{0x00000000fea7a2c8}: org/slf4j/impl/StaticMarkerBinder> (0x00000000fea7a2c8) 
thrown [t:\workspace\open\src\hotspot\share\classfile\systemDictionary.cpp, line 245]
Event: 1.743 Thread 0x0000029938eefe00 Exception <a 'java/lang/NoSuchMethodError'{0x00000000fe916d38}: 'java.lang.Object java.lang.invoke.DirectMethodHandle$Holder.invokeVirtual(java.lang.Object, java.lang.Object, java.lang.Object, java.lang.Object, java.lang.Object, java.lang.Object, java.lang.Object)'> (0x00000000fe916d38) 
thrown [t:\workspace\open\src\hotspot\share\interpreter\linkResolver.cpp, line 766]
Event: 1.752 Thread 0x0000029938eefe00 Exception <a 'java/lang/NoSuchMethodError'{0x00000000fe928338}: 'java.lang.Object java.lang.invoke.Invokers$Holder.invoker(java.lang.Object, java.lang.Object, java.lang.Object)'> (0x00000000fe928338) 
thrown [t:\workspace\open\src\hotspot\share\interpreter\linkResolver.cpp, line 766]
Event: 1.755 Thread 0x0000029938eefe00 Exception <a 'java/lang/NoSuchMethodError'{0x00000000fe931408}: 'java.lang.Object java.lang.invoke.DirectMethodHandle$Holder.invokeStatic(java.lang.Object, java.lang.Object, int)'> (0x00000000fe931408) 
thrown [t:\workspace\open\src\hotspot\share\interpreter\linkResolver.cpp, line 766]
Event: 1.758 Thread 0x0000029938eefe00 Exception <a 'java/lang/NoSuchMethodError'{0x00000000fe93d0f8}: 'void java.lang.invoke.DelegatingMethodHandle$Holder.delegate(java.lang.Object, java.lang.Object, int, java.lang.Object)'> (0x00000000fe93d0f8) 
thrown [t:\workspace\open\src\hotspot\share\interpreter\linkResolver.cpp, line 766]
Event: 1.758 Thread 0x0000029938eefe00 Exception <a 'java/lang/NoSuchMethodError'{0x00000000fe941240}: 'int java.lang.invoke.DirectMethodHandle$Holder.invokeSpecial(java.lang.Object, java.lang.Object, java.lang.Object)'> (0x00000000fe941240) 
thrown [t:\workspace\open\src\hotspot\share\interpreter\linkResolver.cpp, line 766]
Event: 1.765 Thread 0x0000029938eefe00 Exception <a 'java/lang/NoSuchMethodError'{0x00000000fe954388}: 'java.lang.Object java.lang.invoke.Invokers$Holder.invokeExact_MT(java.lang.Object, java.lang.Object, java.lang.Object, java.lang.Object)'> (0x00000000fe954388) 
thrown [t:\workspace\open\src\hotspot\share\interpreter\linkResolver.cpp, line 766]
Event: 2.064 Thread 0x0000029938eefe00 Exception <a 'java/lang/NoSuchMethodError'{0x00000000ffb53de0}: 'java.lang.Object java.lang.invoke.DirectMethodHandle$Holder.invokeInterface(java.lang.Object, java.lang.Object, java.lang.Object)'> (0x00000000ffb53de0) 
thrown [t:\workspace\open\src\hotspot\share\interpreter\linkResolver.cpp, line 766]
Event: 2.071 Thread 0x0000029938eefe00 Exception <a 'java/lang/NoSuchMethodError'{0x00000000ffb75a38}: 'void java.lang.invoke.DirectMethodHandle$Holder.invokeSpecial(java.lang.Object, java.lang.Object, java.lang.Object)'> (0x00000000ffb75a38) 
thrown [t:\workspace\open\src\hotspot\share\interpreter\linkResolver.cpp, line 766]
Event: 2.104 Thread 0x0000029938eefe00 Implicit null exception at 0x00000299481b2c93 to 0x00000299481b30cc
Event: 2.105 Thread 0x0000029938eefe00 Implicit null exception at 0x000002994819d911 to 0x000002994819dd3c
Event: 2.144 Thread 0x0000029938eefe00 Exception <a 'java/lang/NoSuchMethodError'{0x00000000ff9dc200}: 'java.lang.Object java.lang.invoke.DirectMethodHandle$Holder.invokeStaticInit(java.lang.Object)'> (0x00000000ff9dc200) 
thrown [t:\workspace\open\src\hotspot\share\interpreter\linkResolver.cpp, line 766]
Event: 2.383 Thread 0x0000029938eefe00 Exception <a 'java/lang/NoSuchMethodError'{0x00000000ff5a4438}: 'java.lang.Object java.lang.invoke.DirectMethodHandle$Holder.invokeStaticInit(java.lang.Object, int, int, int, int)'> (0x00000000ff5a4438) 
thrown [t:\workspace\open\src\hotspot\share\interpreter\linkResolver.cpp, line 766]
Event: 2.674 Thread 0x0000029938eefe00 Exception <a 'java/lang/NoSuchMethodError'{0x00000000ff5d7220}: 'java.lang.Object java.lang.invoke.DirectMethodHandle$Holder.invokeStaticInit(java.lang.Object, java.lang.Object, int, int, int, int)'> (0x00000000ff5d7220) 
thrown [t:\workspace\open\src\hotspot\share\interpreter\linkResolver.cpp, line 766]
Event: 3.642 Thread 0x0000029938eefe00 Exception <a 'java/lang/NoSuchMethodError'{0x00000000ff405ea0}: 'void java.lang.invoke.DirectMethodHandle$Holder.invokeStatic(java.lang.Object, java.lang.Object, java.lang.Object)'> (0x00000000ff405ea0) 
thrown [t:\workspace\open\src\hotspot\share\interpreter\linkResolver.cpp, line 766]
Event: 3.681 Thread 0x0000029938eefe00 Implicit null exception at 0x0000029948196d72 to 0x00000299481973b4
Event: 3.682 Thread 0x0000029938eefe00 Implicit null exception at 0x00000299481a03f2 to 0x00000299481a0a4c

VM Operations (20 events):
Event: 217.532 Executing VM operation: Cleanup done
Event: 240.696 Executing VM operation: Cleanup
Event: 240.737 Executing VM operation: Cleanup done
Event: 252.848 Executing VM operation: Cleanup
Event: 252.851 Executing VM operation: Cleanup done
Event: 272.986 Executing VM operation: Cleanup
Event: 272.992 Executing VM operation: Cleanup done
Event: 282.094 Executing VM operation: Cleanup
Event: 282.097 Executing VM operation: Cleanup done
Event: 287.162 Executing VM operation: Cleanup
Event: 287.163 Executing VM operation: Cleanup done
Event: 289.171 Executing VM operation: Cleanup
Event: 289.172 Executing VM operation: Cleanup done
Event: 292.195 Executing VM operation: Cleanup
Event: 292.196 Executing VM operation: Cleanup done
Event: 317.591 Executing VM operation: Cleanup
Event: 317.595 Executing VM operation: Cleanup done
Event: 318.608 Executing VM operation: Cleanup
Event: 318.610 Executing VM operation: Cleanup done
Event: 320.983 Executing VM operation: G1CollectForAllocation

Events (20 events):
Event: 133.636 loading class jdk/internal/logger/LazyLoggers$LazyLoggerFactories
Event: 133.636 loading class jdk/internal/logger/LazyLoggers$LazyLoggerFactories done
Event: 133.649 loading class jdk/internal/logger/LoggerFinderLoader
Event: 133.649 loading class jdk/internal/logger/LoggerFinderLoader done
Event: 133.667 loading class sun/util/logging/internal/LoggingProviderImpl$JULWrapper
Event: 133.668 loading class sun/util/logging/PlatformLogger$ConfigurableBridge$LoggerConfiguration
Event: 133.669 loading class sun/util/logging/PlatformLogger$ConfigurableBridge$LoggerConfiguration done
Event: 133.669 loading class sun/util/logging/internal/LoggingProviderImpl$JULWrapper done
Event: 133.670 loading class java/io/ObjectInputFilter
Event: 133.671 loading class java/io/ObjectInputFilter done
Event: 133.672 loading class java/io/ObjectInputFilter$Config$BuiltinFilterFactory
Event: 133.672 loading class java/io/ObjectInputFilter$Config$BuiltinFilterFactory done
Event: 133.672 loading class jdk/internal/access/JavaObjectInputFilterAccess
Event: 133.673 loading class jdk/internal/access/JavaObjectInputFilterAccess done
Event: 133.674 loading class java/lang/System$Logger$Level
Event: 133.674 loading class java/lang/System$Logger$Level done
Event: 133.675 loading class java/io/Bits
Event: 133.676 loading class java/io/Bits done
Event: 162.930 loading class jdk/internal/misc/ScopedMemoryAccess$Scope
Event: 162.936 loading class jdk/internal/misc/ScopedMemoryAccess$Scope done


Dynamic libraries:
0x00007ff79d900000 - 0x00007ff79d910000 	C:\Program Files\Java\jdk-17.0.1\bin\java.exe
0x00007ffa71110000 - 0x00007ffa71324000 	C:\WINDOWS\SYSTEM32\ntdll.dll
0x00007ffa706a0000 - 0x00007ffa70763000 	C:\WINDOWS\System32\KERNEL32.DLL
0x00007ffa6e990000 - 0x00007ffa6ed2c000 	C:\WINDOWS\System32\KERNELBASE.dll
0x00007ffa6e870000 - 0x00007ffa6e981000 	C:\WINDOWS\System32\ucrtbase.dll
0x00007ffa558c0000 - 0x00007ffa558da000 	C:\Program Files\Java\jdk-17.0.1\bin\VCRUNTIME140.dll
0x00007ffa55fe0000 - 0x00007ffa55ff8000 	C:\Program Files\Java\jdk-17.0.1\bin\jli.dll
0x00007ffa6f9d0000 - 0x00007ffa6fa7e000 	C:\WINDOWS\System32\ADVAPI32.dll
0x00007ffa6f720000 - 0x00007ffa6f7c7000 	C:\WINDOWS\System32\msvcrt.dll
0x00007ffa6f7d0000 - 0x00007ffa6f874000 	C:\WINDOWS\System32\sechost.dll
0x00007ffa6f890000 - 0x00007ffa6f9a5000 	C:\WINDOWS\System32\RPCRT4.dll
0x00007ffa6ca20000 - 0x00007ffa6ccae000 	C:\WINDOWS\WinSxS\amd64_microsoft.windows.common-controls_6595b64144ccf1df_6.0.22621.608_none_a9444ca7c10bb01d\COMCTL32.dll
0x00007ffa70e20000 - 0x00007ffa70e49000 	C:\WINDOWS\System32\GDI32.dll
0x00007ffa6e840000 - 0x00007ffa6e866000 	C:\WINDOWS\System32\win32u.dll
0x00007ffa6fce0000 - 0x00007ffa6fe8d000 	C:\WINDOWS\System32\USER32.dll
0x00007ffa6e720000 - 0x00007ffa6e833000 	C:\WINDOWS\System32\gdi32full.dll
0x00007ffa6e680000 - 0x00007ffa6e71a000 	C:\WINDOWS\System32\msvcp_win.dll
0x00007ffa64240000 - 0x00007ffa6424a000 	C:\WINDOWS\SYSTEM32\VERSION.dll
0x00007ffa70a00000 - 0x00007ffa70a31000 	C:\WINDOWS\System32\IMM32.DLL
0x0000029936490000 - 0x00000299364a4000 	C:\WINDOWS\System32\umppc16606.dll
0x0000000076f20000 - 0x0000000076f92000 	C:\WINDOWS\System32\QIPCAP64.dll
0x00007ffa6feb0000 - 0x00007ffa706a0000 	C:\WINDOWS\System32\SHELL32.dll
0x00007ffa6c910000 - 0x00007ffa6ca03000 	C:\WINDOWS\SYSTEM32\DNSAPI.dll
0x00007ffa6c8e0000 - 0x00007ffa6c90d000 	C:\WINDOWS\SYSTEM32\IPHLPAPI.DLL
0x00007ffa6f880000 - 0x00007ffa6f889000 	C:\WINDOWS\System32\NSI.dll
0x00007ffa17840000 - 0x00007ffa178e4000 	C:\Program Files\McAfee\Endpoint Security\Threat Prevention\Ips\EpMPApi.dll
0x0000029937dc0000 - 0x0000029937e2b000 	C:\WINDOWS\System32\WINTRUST.dll
0x00007ffa6edb0000 - 0x00007ffa6ef16000 	C:\WINDOWS\System32\CRYPT32.dll
0x00007ffa6e1b0000 - 0x00007ffa6e1c2000 	C:\WINDOWS\SYSTEM32\MSASN1.dll
0x00000000766f0000 - 0x00000000766fc000 	C:\Program Files\McAfee\Endpoint Security\Threat Prevention\Ips\EpMPThe.dll
0x00007ffa1a780000 - 0x00007ffa1a7db000 	C:\Program Files\McAfee\Endpoint Security\Threat Prevention\Ips\HIPHandlers64.dll
0x00007ffa6ef20000 - 0x00007ffa6ef7e000 	C:\WINDOWS\System32\SHLWAPI.dll
0x00007ffa6b970000 - 0x00007ffa6bb9e000 	C:\WINDOWS\SYSTEM32\dbghelp.dll
0x0000029937f90000 - 0x0000029938319000 	C:\WINDOWS\System32\combase.dll
0x00007ffa6f400000 - 0x00007ffa6f4d7000 	C:\WINDOWS\System32\OLEAUT32.dll
0x00007ffa56290000 - 0x00007ffa5629c000 	C:\Program Files\Java\jdk-17.0.1\bin\vcruntime140_1.dll
0x00007ffa36570000 - 0x00007ffa365fd000 	C:\Program Files\Java\jdk-17.0.1\bin\msvcp140.dll
0x00007ffa16c80000 - 0x00007ffa1783e000 	C:\Program Files\Java\jdk-17.0.1\bin\server\jvm.dll
0x0000029937ea0000 - 0x0000029937ea8000 	C:\WINDOWS\System32\PSAPI.DLL
0x00007ffa581f0000 - 0x00007ffa581f9000 	C:\WINDOWS\SYSTEM32\WSOCK32.dll
0x00007ffa71050000 - 0x00007ffa710c1000 	C:\WINDOWS\System32\WS2_32.dll
0x00007ffa63290000 - 0x00007ffa632c4000 	C:\WINDOWS\SYSTEM32\WINMM.dll
0x00007ffa6d5a0000 - 0x00007ffa6d5b8000 	C:\WINDOWS\SYSTEM32\kernel.appcore.dll
0x00007ffa55f50000 - 0x00007ffa55f5a000 	C:\Program Files\Java\jdk-17.0.1\bin\jimage.dll
0x00007ffa4f460000 - 0x00007ffa4f492000 	C:\WINDOWS\SYSTEM32\dbgcore.DLL
0x0000029937eb0000 - 0x0000029937f2b000 	C:\WINDOWS\System32\bcryptPrimitives.dll
0x00007ffa55420000 - 0x00007ffa55445000 	C:\Program Files\Java\jdk-17.0.1\bin\java.dll
0x00007ffa21290000 - 0x00007ffa21366000 	C:\Program Files\Java\jdk-17.0.1\bin\svml.dll
0x00007ffa6bdd0000 - 0x00007ffa6c69e000 	C:\WINDOWS\SYSTEM32\windows.storage.dll
0x00007ffa6bc90000 - 0x00007ffa6bdce000 	C:\WINDOWS\SYSTEM32\wintypes.dll
0x00007ffa70e50000 - 0x00007ffa70f41000 	C:\WINDOWS\System32\SHCORE.dll
0x00007ffa6e480000 - 0x00007ffa6e4a1000 	C:\WINDOWS\SYSTEM32\profapi.dll
0x00007ffa55080000 - 0x00007ffa55099000 	C:\Program Files\Java\jdk-17.0.1\bin\net.dll
0x00007ffa635e0000 - 0x00007ffa6370f000 	C:\WINDOWS\SYSTEM32\WINHTTP.dll
0x00007ffa6da10000 - 0x00007ffa6da79000 	C:\WINDOWS\system32\mswsock.dll
0x00007ffa55060000 - 0x00007ffa55075000 	C:\Program Files\Java\jdk-17.0.1\bin\nio.dll
0x00007ffa54e10000 - 0x00007ffa54e28000 	C:\Program Files\Java\jdk-17.0.1\bin\zip.dll
0x00007ffa55f30000 - 0x00007ffa55f40000 	C:\Program Files\Java\jdk-17.0.1\bin\verify.dll
0x00007ffa54650000 - 0x00007ffa54677000 	C:\Users\M7839\.gradle\native\e1d6ef7f7dcc3fd88c89a11ec53ec762bb8ba0a96d01ffa2cd45eb1d1d8dd5c5\windows-amd64\native-platform.dll
0x00007ffa502c0000 - 0x00007ffa502ca000 	C:\Users\M7839\.gradle\native\jansi\1.18\windows64\jansi.dll
0x00007ffa558b0000 - 0x00007ffa558b9000 	C:\Program Files\Java\jdk-17.0.1\bin\management.dll
0x00007ffa54640000 - 0x00007ffa5464b000 	C:\Program Files\Java\jdk-17.0.1\bin\management_ext.dll
0x00007ffa6dc70000 - 0x00007ffa6dc8b000 	C:\WINDOWS\SYSTEM32\CRYPTSP.dll
0x00007ffa6d510000 - 0x00007ffa6d545000 	C:\WINDOWS\system32\rsaenh.dll
0x00007ffa6db10000 - 0x00007ffa6db38000 	C:\WINDOWS\SYSTEM32\USERENV.dll
0x00007ffa6dde0000 - 0x00007ffa6de08000 	C:\WINDOWS\SYSTEM32\bcrypt.dll
0x00007ffa6dc90000 - 0x00007ffa6dc9c000 	C:\WINDOWS\SYSTEM32\CRYPTBASE.dll
0x00007ffa67150000 - 0x00007ffa67169000 	C:\WINDOWS\SYSTEM32\dhcpcsvc6.DLL
0x00007ffa67130000 - 0x00007ffa6714f000 	C:\WINDOWS\SYSTEM32\dhcpcsvc.DLL
0x00007ffa54630000 - 0x00007ffa5463e000 	C:\Program Files\Java\jdk-17.0.1\bin\sunmscapi.dll
0x00007ffa6ddb0000 - 0x00007ffa6dddd000 	C:\WINDOWS\SYSTEM32\ncrypt.dll
0x00007ffa6dd70000 - 0x00007ffa6dda7000 	C:\WINDOWS\SYSTEM32\NTASN1.dll
0x00007ffa54220000 - 0x00007ffa54228000 	C:\WINDOWS\system32\wshunix.dll

dbghelp: loaded successfully - version: 4.0.5 - missing functions: none
symbol engine: initialized successfully - sym options: 0x614 - pdb path: .;C:\Program Files\Java\jdk-17.0.1\bin;C:\WINDOWS\SYSTEM32;C:\WINDOWS\WinSxS\amd64_microsoft.windows.common-controls_6595b64144ccf1df_6.0.22621.608_none_a9444ca7c10bb01d;C:\Program Files\McAfee\Endpoint Security\Threat Prevention\Ips;C:\Program Files\Java\jdk-17.0.1\bin\server;C:\Users\M7839\.gradle\native\e1d6ef7f7dcc3fd88c89a11ec53ec762bb8ba0a96d01ffa2cd45eb1d1d8dd5c5\windows-amd64;C:\Users\M7839\.gradle\native\jansi\1.18\windows64

VM Arguments:
jvm_args: -Xmx64m -Xms64m -Dorg.gradle.appname=gradlew 
java_command: org.gradle.wrapper.GradleWrapperMain app:installDebug -PreactNativeDevServerPort=8090
java_class_path (initial): C:\Users\M7839\Desktop\bottom_sheet\android\\gradle\wrapper\gradle-wrapper.jar
Launcher Type: SUN_STANDARD

[Global flags]
     intx CICompilerCount                          = 4                                         {product} {ergonomic}
     uint ConcGCThreads                            = 2                                         {product} {ergonomic}
     uint G1ConcRefinementThreads                  = 8                                         {product} {ergonomic}
   size_t G1HeapRegionSize                         = 1048576                                   {product} {ergonomic}
    uintx GCDrainStackTargetSize                   = 64                                        {product} {ergonomic}
   size_t InitialHeapSize                          = 67108864                                  {product} {command line}
   size_t MarkStackSize                            = 4194304                                   {product} {ergonomic}
   size_t MaxHeapSize                              = 67108864                                  {product} {command line}
   size_t MaxNewSize                               = 39845888                                  {product} {ergonomic}
   size_t MinHeapDeltaBytes                        = 1048576                                   {product} {ergonomic}
   size_t MinHeapSize                              = 67108864                                  {product} {command line}
    uintx NonNMethodCodeHeapSize                   = 5839372                                {pd product} {ergonomic}
    uintx NonProfiledCodeHeapSize                  = 122909434                              {pd product} {ergonomic}
    uintx ProfiledCodeHeapSize                     = 122909434                              {pd product} {ergonomic}
    uintx ReservedCodeCacheSize                    = 251658240                              {pd product} {ergonomic}
     bool SegmentedCodeCache                       = true                                      {product} {ergonomic}
   size_t SoftMaxHeapSize                          = 67108864                               {manageable} {ergonomic}
     bool UseCompressedClassPointers               = true                           {product lp64_product} {ergonomic}
     bool UseCompressedOops                        = true                           {product lp64_product} {ergonomic}
     bool UseG1GC                                  = true                                      {product} {ergonomic}
     bool UseLargePagesIndividualAllocation        = false                                  {pd product} {ergonomic}

Logging:
Log output configuration:
 #0: stdout all=warning uptime,level,tags
 #1: stderr all=off uptime,level,tags

Environment Variables:
CLASSPATH=C:\Users\M7839\Desktop\bottom_sheet\android\\gradle\wrapper\gradle-wrapper.jar
PATH=C:\Users\M7839\Desktop\bottom_sheet\android\node_modules\.bin;C:\Users\M7839\Desktop\bottom_sheet\node_modules\.bin;C:\Users\M7839\Desktop\node_modules\.bin;C:\Users\M7839\node_modules\.bin;C:\Users\node_modules\.bin;C:\node_modules\.bin;C:\Program Files\nodejs;C:\Users\M7839\Desktop\bottom_sheet\node_modules\.bin;C:\Users\M7839\Desktop\node_modules\.bin;C:\Users\M7839\node_modules\.bin;C:\Users\node_modules\.bin;C:\node_modules\.bin;C:\Program Files\nodejs\node_modules\npm\node_modules\@npmcli\run-script\lib\node-gyp-bin;C:\Program Files\Common Files\Oracle\Java\javapath;C:\WINDOWS\system32;C:\WINDOWS;C:\WINDOWS\System32\Wbem;C:\WINDOWS\System32\WindowsPowerShell\v1.0\;C:\WINDOWS\System32\OpenSSH\;C:\Program Files\nodejs\;C:\Users\M7839\AppData\Local\Android\Sdk;C:\Users\M7839\AppData\Local\Android\Sdk\emulator;C:\Users\M7839\AppData\Local\Android\Sdk\platform-tools;C:\Program Files\Java\jdk-17.0.1\bin;C:\Users\M7839\AppData\Local\Microsoft\WindowsApps;;C:\Users\M7839\AppData\Local\Programs\Microsoft VS Code\bin;C:\Users\M7839\AppData\Roaming\npm;C:\Users\M7839\Desktop\bottom_sheet\node_modules\.bin
USERNAME=M7839
LANG=en_US.UTF-8
OS=Windows_NT
PROCESSOR_IDENTIFIER=Intel64 Family 6 Model 126 Stepping 5, GenuineIntel



---------------  S Y S T E M  ---------------

OS:
 Windows 10 , 64 bit Build 22621 (10.0.22621.1344)
OS uptime: 0 days 17:24 hours

CPU: total 8 (initial active 8) (4 cores per cpu, 2 threads per core) family 6 model 126 stepping 5 microcode 0xa0, cx8, cmov, fxsr, ht, mmx, 3dnowpref, sse, sse2, sse3, ssse3, sse4.1, sse4.2, popcnt, lzcnt, tsc, tscinvbit, avx, avx2, aes, erms, clmul, bmi1, bmi2, adx, avx512f, avx512dq, avx512cd, avx512bw, avx512vl, sha, fma, vzeroupper, avx512_vpopcntdq, avx512_vpclmulqdq, avx512_vaes, avx512_vnni, clflush, clflushopt, avx512_vbmi2, avx512_vbmi

Memory: 4k page, system-wide physical 7973M (38M free)
TotalPageFile size 22180M (AvailPageFile size 2548M)
current process WorkingSet (physical memory assigned to process): 3M, peak: 90M
current process commit charge ("private bytes"): 172M, peak: 175M

vm_info: Java HotSpot(TM) 64-Bit Server VM (17.0.1+12-LTS-39) for windows-amd64 JRE (17.0.1+12-LTS-39), built on Sep 27 2021 18:41:35 by "mach5one" with MS VC++ 16.8 (VS2019)

END.
